[debug] [2025-09-22T02:23:41.161Z] ----------------------------------------------------------------------
[debug] [2025-09-22T02:23:41.162Z] Command:       /opt/homebrew/Cellar/node/24.8.0/bin/node /opt/homebrew/bin/firebase init
[debug] [2025-09-22T02:23:41.162Z] CLI Version:   14.17.0
[debug] [2025-09-22T02:23:41.163Z] Platform:      darwin
[debug] [2025-09-22T02:23:41.163Z] Node Version:  v24.8.0
[debug] [2025-09-22T02:23:41.163Z] Time:          Sun Sep 21 2025 22:23:41 GMT-0400 (Eastern Daylight Time)
[debug] [2025-09-22T02:23:41.163Z] ----------------------------------------------------------------------
[debug] 
[debug] [2025-09-22T02:23:41.164Z] > command requires scopes: ["email","openid","https://www.googleapis.com/auth/cloudplatformprojects.readonly","https://www.googleapis.com/auth/firebase","https://www.googleapis.com/auth/cloud-platform"]
[debug] [2025-09-22T02:23:41.165Z] > authorizing via signed-in user (gxk15905265571@gmail.com)
[info] 
     ######## #### ########  ######## ########     ###     ######  ########
     ##        ##  ##     ## ##       ##     ##  ##   ##  ##       ##
     ######    ##  ########  ######   ########  #########  ######  ######
     ##        ##  ##    ##  ##       ##     ## ##     ##       ## ##
     ##       #### ##     ## ######## ########  ##     ##  ######  ########

You're about to initialize a Firebase project in this directory:

  /Users/kelsie/Documents/heart-rate-api/heart-rate-demo

[info] 
=== Project Setup
[info] 
[info] First, let's associate this project directory with a Firebase project.
[info] You can create multiple project aliases by running firebase use --add, 
[info] but for now we'll just set up a default project.
[info] 
[info] 
=== Firestore Setup
[info] 
[info] Firestore Security Rules allow you to define how and when to allow
[info] requests. You can keep these rules in your project directory
[info] and publish them with firebase deploy.
[info] 
[info] 
[info] Firestore indexes allow you to perform complex queries while
[info] maintaining performance that scales with the size of the result
[info] set. You can keep index definitions in your project directory
[info] and publish them with firebase deploy.
[info] 
[debug] [2025-09-22T02:26:46.873Z] ExitPromptError: User force closed the prompt with SIGINT
    at Interface.sigint (/opt/homebrew/lib/node_modules/firebase-tools/node_modules/@inquirer/core/dist/commonjs/lib/create-prompt.js:101:37)
    at Interface.emit (node:events:508:28)
    at Interface.emit (node:domain:489:12)
    at [_ttyWrite] [as _ttyWrite] (node:internal/readline/interface:1311:18)
    at ReadStream.onkeypress (node:internal/readline/interface:284:20)
    at ReadStream.emit (node:events:520:35)
    at ReadStream.emit (node:domain:489:12)
    at emitKeys (node:internal/readline/utils:371:14)
    at emitKeys.next (<anonymous>)
    at ReadStream.onData (node:internal/readline/emitKeypressEvents:64:36)
[error] 
[error] Error: An unexpected error has occurred.
